[debug] [2021-04-19T12:48:28.807Z] ----------------------------------------------------------------------
[debug] [2021-04-19T12:48:28.810Z] Command:       C:\Program Files\nodejs\node.exe C:\Users\Obakeng\AppData\Roaming\npm\node_modules\firebase-tools\lib\bin\firebase.js init
[debug] [2021-04-19T12:48:28.811Z] CLI Version:   9.10.0
[debug] [2021-04-19T12:48:28.811Z] Platform:      win32
[debug] [2021-04-19T12:48:28.811Z] Node Version:  v14.9.0
[debug] [2021-04-19T12:48:28.814Z] Time:          Mon Apr 19 2021 14:48:28 GMT+0200 (South Africa Standard Time)
[debug] [2021-04-19T12:48:28.814Z] ----------------------------------------------------------------------
[debug] 
[debug] [2021-04-19T12:48:28.826Z] > command requires scopes: ["email","openid","https://www.googleapis.com/auth/cloudplatformprojects.readonly","https://www.googleapis.com/auth/firebase","https://www.googleapis.com/auth/cloud-platform"]
[debug] [2021-04-19T12:48:28.826Z] > authorizing via signed-in user (extensiontlhareseng@gmail.com)
[info] 
     ######## #### ########  ######## ########     ###     ######  ########
     ##        ##  ##     ## ##       ##     ##  ##   ##  ##       ##
     ######    ##  ########  ######   ########  #########  ######  ######
     ##        ##  ##    ##  ##       ##     ## ##     ##       ## ##
     ##       #### ##     ## ######## ########  ##     ##  ######  ########

You're about to initialize a Firebase project in this directory:

  C:\Users\Obakeng\Documents\ObaKetso Solutions\Individual Projects\Website\ext-portfolio-website

[info] 
=== Project Setup
[info] 
[info] First, let's associate this project directory with a Firebase project.
[info] You can create multiple project aliases by running firebase use --add, 
[info] but for now we'll just set up a default project.
[info] 
[debug] [2021-04-19T12:48:37.152Z] >>> [apiv2][query] GET https://firebase.googleapis.com/v1beta1/projects pageSize=100
[debug] [2021-04-19T12:48:53.744Z] <<< [apiv2][status] GET https://firebase.googleapis.com/v1beta1/projects 200
[debug] [2021-04-19T12:48:53.745Z] <<< [apiv2][body] GET https://firebase.googleapis.com/v1beta1/projects [omitted]
[info] i  Using project ext-portfolio-website (ext-portfolio-website) 
[info] 
=== Hosting Setup
[info] 
[info] Your public directory is the folder (relative to your project directory) that
[info] will contain Hosting assets to be uploaded with firebase deploy. If you
[info] have a build process for your assets, use your build's output directory.
[info] 
[debug] [2021-04-19T12:49:48.676Z] >>> [apiv2][query] GET https://www.gstatic.com/firebasejs/releases.json [none]
[debug] [2021-04-19T12:49:48.962Z] <<< [apiv2][status] GET https://www.gstatic.com/firebasejs/releases.json 200
[debug] [2021-04-19T12:49:48.962Z] <<< [apiv2][body] GET https://www.gstatic.com/firebasejs/releases.json {"current":{"version":"8.4.1","browserURL":"https://www.gstatic.com/firebasejs/8.4.1/firebase.js","packageURL":"https://www.gstatic.com/firebasejs/8.4.1/firebase.tgz"},"live":{"version":"8.4","browserURL":"https://www.gstatic.com/firebasejs/live/8.4/firebase.js","packageURL":"https://www.gstatic.com/firebasejs/live/8.4/firebase.tgz"},"components":{"analytics":"https://www.gstatic.com/firebasejs/8.4.1/firebase-analytics.js","app":"https://www.gstatic.com/firebasejs/8.4.1/firebase-app.js","auth":"https://www.gstatic.com/firebasejs/8.4.1/firebase-auth.js","database":"https://www.gstatic.com/firebasejs/8.4.1/firebase-database.js","firestore":"https://www.gstatic.com/firebasejs/8.4.1/firebase-firestore.js","functions":"https://www.gstatic.com/firebasejs/8.4.1/firebase-functions.js","installations":"https://www.gstatic.com/firebasejs/8.4.1/firebase-installations.js","messaging":"https://www.gstatic.com/firebasejs/8.4.1/firebase-messaging.js","storage":"https://www.gstatic.com/firebasejs/8.4.1/firebase-storage.js","performance":"https://www.gstatic.com/firebasejs/8.4.1/firebase-performance.js","remote-config":"https://www.gstatic.com/firebasejs/8.4.1/firebase-remote-config.js","firestore.memory":"https://www.gstatic.com/firebasejs/8.4.1/firebase-firestore.memory.js"}}
[info] i  Skipping write of dist/ext-portfolio-website/index.html 
[info] 
[info] i  Detected a .git folder at C:\Users\Obakeng\Documents\ObaKetso Solutions\Individual Projects\Website\ext-portfolio-website 
[info] i  Authorizing with GitHub to upload your service account to a GitHub repository's secrets store. 
[info] 
[info] Visit this URL on this device to log in:
[info] https://github.com/login/oauth/authorize?client_id=89cf50f02ac6aaed3484&state=235140766&redirect_uri=http%3A%2F%2Flocalhost%3A9005&scope=read%3Auser%20repo%20public_repo
[info] 
[info] Waiting for authentication...
[debug] [2021-04-19T12:49:55.799Z] >>> HTTP REQUEST POST https://github.com/login/oauth/access_token  
 {"client_id":"89cf50f02ac6aaed3484","client_secret":"3330d14abc895d9a74d5f17cd7a00711fa2c5bf0","code":"5f680fb83fad15702036","redirect_uri":"http://localhost:9005","state":"235140766"}
[debug] [2021-04-19T12:49:56.625Z] <<< HTTP RESPONSE 200 {"server":"GitHub.com","date":"Mon, 19 Apr 2021 12:49:56 GMT","content-type":"application/json; charset=utf-8","transfer-encoding":"chunked","vary":"X-PJAX, Accept-Encoding, Accept, X-Requested-With","etag":"W/\"34093f94ed674bb457039e0b7b56f63e\"","cache-control":"max-age=0, private, must-revalidate","strict-transport-security":"max-age=31536000; includeSubdomains; preload","x-frame-options":"deny","x-content-type-options":"nosniff","x-xss-protection":"0","referrer-policy":"origin-when-cross-origin, strict-origin-when-cross-origin","expect-ct":"max-age=2592000, report-uri=\"https://api.github.com/_private/browser/errors\"","content-security-policy":"default-src 'none'; base-uri 'self'; block-all-mixed-content; connect-src 'self' uploads.github.com www.githubstatus.com collector.githubapp.com api.github.com github-cloud.s3.amazonaws.com github-production-repository-file-5c1aeb.s3.amazonaws.com github-production-upload-manifest-file-7fdce7.s3.amazonaws.com github-production-user-asset-6210df.s3.amazonaws.com cdn.optimizely.com logx.optimizely.com/v1/events wss://alive.github.com; font-src github.githubassets.com; form-action 'self' github.com gist.github.com; frame-ancestors 'none'; frame-src render.githubusercontent.com; img-src 'self' data: github.githubassets.com identicons.github.com collector.githubapp.com github-cloud.s3.amazonaws.com secured-user-images.githubusercontent.com/ *.githubusercontent.com; manifest-src 'self'; media-src 'none'; script-src github.githubassets.com; style-src 'unsafe-inline' github.githubassets.com; worker-src github.com/socket-worker-3f088aa2.js gist.github.com/socket-worker-3f088aa2.js","x-github-request-id":"4CB0:C8ED:42EA684:45860B3:607D7C74"}
[debug] [2021-04-19T12:49:56.629Z] >>> [apiv2][query] GET https://api.github.com/user [none]
[debug] [2021-04-19T12:49:57.995Z] <<< [apiv2][status] GET https://api.github.com/user 200
[debug] [2021-04-19T12:49:57.996Z] <<< [apiv2][body] GET https://api.github.com/user {"login":"Extension1990","id":46670997,"node_id":"MDQ6VXNlcjQ2NjcwOTk3","avatar_url":"https://avatars.githubusercontent.com/u/46670997?v=4","gravatar_id":"","url":"https://api.github.com/users/Extension1990","html_url":"https://github.com/Extension1990","followers_url":"https://api.github.com/users/Extension1990/followers","following_url":"https://api.github.com/users/Extension1990/following{/other_user}","gists_url":"https://api.github.com/users/Extension1990/gists{/gist_id}","starred_url":"https://api.github.com/users/Extension1990/starred{/owner}{/repo}","subscriptions_url":"https://api.github.com/users/Extension1990/subscriptions","organizations_url":"https://api.github.com/users/Extension1990/orgs","repos_url":"https://api.github.com/users/Extension1990/repos","events_url":"https://api.github.com/users/Extension1990/events{/privacy}","received_events_url":"https://api.github.com/users/Extension1990/received_events","type":"User","site_admin":false,"name":null,"company":null,"blog":"","location":null,"email":null,"hireable":null,"bio":null,"twitter_username":null,"public_repos":7,"public_gists":0,"followers":2,"following":4,"created_at":"2019-01-14T09:01:40Z","updated_at":"2021-04-19T11:06:34Z","private_gists":0,"total_private_repos":9,"owned_private_repos":9,"disk_usage":222360,"collaborators":2,"two_factor_authentication":false,"plan":{"name":"free","space":976562499,"collaborators":0,"private_repos":10000}}
[info] 
[info] +  Success! Logged into GitHub as Extension1990 
[info] 
